[debug] [2022-12-04T21:30:49.076Z] ----------------------------------------------------------------------
[debug] [2022-12-04T21:30:49.078Z] Command:       C:\Program Files\nodejs\node.exe C:\Users\Dani\AppData\Roaming\npm\node_modules\firebase-tools\lib\bin\firebase.js init
[debug] [2022-12-04T21:30:49.078Z] CLI Version:   11.4.0
[debug] [2022-12-04T21:30:49.079Z] Platform:      win32
[debug] [2022-12-04T21:30:49.079Z] Node Version:  v16.13.2
[debug] [2022-12-04T21:30:49.080Z] Time:          Sun Dec 04 2022 18:30:49 GMT-0300 (hora estándar de Argentina)
[debug] [2022-12-04T21:30:49.080Z] ----------------------------------------------------------------------
[debug] 
[debug] [2022-12-04T21:30:49.087Z] > command requires scopes: ["email","openid","https://www.googleapis.com/auth/cloudplatformprojects.readonly","https://www.googleapis.com/auth/firebase","https://www.googleapis.com/auth/cloud-platform"]
[debug] [2022-12-04T21:30:49.087Z] > authorizing via signed-in user (danielcvallejos@gmail.com)
[info] 
     ######## #### ########  ######## ########     ###     ######  ########
     ##        ##  ##     ## ##       ##     ##  ##   ##  ##       ##
     ######    ##  ########  ######   ########  #########  ######  ######
     ##        ##  ##    ##  ##       ##     ## ##     ##       ## ##
     ##       #### ##     ## ######## ########  ##     ##  ######  ########

You're about to initialize a Firebase project in this directory:

  D:\Documentos\desktopc\Cursos\Programación\Intro a la programación\calculadoraIMCDANI\calculadoraIMC

[info] 
=== Project Setup
[info] 
[info] First, let's associate this project directory with a Firebase project.
[info] You can create multiple project aliases by running firebase use --add, 
[info] but for now we'll just set up a default project.
[info] 
[info] i  If you want to create a project in a Google Cloud organization or folder, please use "firebase projects:create" instead, and return to this command when you've created the project. 
